2021-11-12 07:41:39,507 INFO com.tuyennguyen.SpringWebBanHangApplication [main] ----
2021-11-12 07:41:39,521 INFO com.tuyennguyen.SpringWebBanHangApplication [main] SpringApplication Started
2021-11-12 07:41:39,716 INFO com.tuyennguyen.SpringWebBanHangApplication [restartedMain] ----
2021-11-12 07:41:39,717 INFO com.tuyennguyen.SpringWebBanHangApplication [restartedMain] SpringApplication Started
2021-11-12 07:41:40,128 INFO com.tuyennguyen.SpringWebBanHangApplication [restartedMain] Starting SpringWebBanHangApplication using Java 11.0.12 on Admin with PID 4652 (D:\Hoc Lap Trinh\Spring\SpringWebBanHang\target\classes started by HP in D:\Hoc Lap Trinh\Spring\SpringWebBanHang)
2021-11-12 07:41:40,128 DEBUG com.tuyennguyen.SpringWebBanHangApplication [restartedMain] Running with Spring Boot v2.5.5, Spring v5.3.10
2021-11-12 07:41:40,129 INFO com.tuyennguyen.SpringWebBanHangApplication [restartedMain] No active profile set, falling back to default profiles: default
2021-11-12 07:41:42,917 INFO com.tuyennguyen.SpringWebBanHangApplication [restartedMain] Started SpringWebBanHangApplication in 3.195 seconds (JVM running for 5.125)
2021-11-12 07:42:55,015 DEBUG com.tuyennguyen.controller.ProductController [http-nio-8080-exec-5] Go to admin/product/product
2021-11-12 07:42:57,887 DEBUG com.tuyennguyen.controller.ProductController [http-nio-8080-exec-8] Go to the add screen: admin/product/product
2021-11-12 07:43:14,860 DEBUG com.tuyennguyen.controller.ProductController [http-nio-8080-exec-5] Go to admin/product/product
2021-11-12 07:43:17,133 DEBUG com.tuyennguyen.controller.ProductController [http-nio-8080-exec-9] Go to admin/product/product
2021-11-12 07:43:28,496 DEBUG com.tuyennguyen.controller.ProductController [http-nio-8080-exec-10] Go to admin/product/product
2021-11-12 07:52:53,998 DEBUG com.tuyennguyen.controller.ProductController [http-nio-8080-exec-10] Go to admin/product/product
2021-11-12 07:54:32,758 DEBUG com.tuyennguyen.controller.ProductController [http-nio-8080-exec-5] Go to admin/product/product
2021-11-12 07:54:34,376 DEBUG com.tuyennguyen.controller.ProductController [http-nio-8080-exec-3] Go to the add screen: admin/product/product
2021-11-12 07:55:34,661 DEBUG com.tuyennguyen.controller.ProductController [http-nio-8080-exec-3] Go to the add screen: admin/product/product
2021-11-12 07:55:58,134 DEBUG com.tuyennguyen.controller.ProductController [http-nio-8080-exec-5] Go to the add screen: admin/product/product
2021-11-12 07:55:59,102 DEBUG com.tuyennguyen.controller.ProductController [http-nio-8080-exec-7] Go to the add screen: admin/product/product
2021-11-12 07:57:13,100 DEBUG com.tuyennguyen.controller.ProductController [http-nio-8080-exec-10] Go to the add screen: admin/product/product
2021-11-12 07:57:13,979 DEBUG com.tuyennguyen.controller.ProductController [http-nio-8080-exec-6] Go to the add screen: admin/product/product
2021-11-12 07:57:15,071 DEBUG com.tuyennguyen.controller.ProductController [http-nio-8080-exec-7] Go to the add screen: admin/product/product
2021-11-12 07:57:44,109 DEBUG com.tuyennguyen.controller.ProductController [http-nio-8080-exec-1] Go to the add screen: admin/product/product
2021-11-12 07:57:44,994 DEBUG com.tuyennguyen.controller.ProductController [http-nio-8080-exec-4] Go to the add screen: admin/product/product
2021-11-12 07:57:46,021 DEBUG com.tuyennguyen.controller.ProductController [http-nio-8080-exec-7] Go to the add screen: admin/product/product
2021-11-12 07:58:26,632 DEBUG com.tuyennguyen.controller.ProductController [http-nio-8080-exec-3] Go to the add screen: admin/product/product
2021-11-12 07:58:27,627 DEBUG com.tuyennguyen.controller.ProductController [http-nio-8080-exec-6] Go to the add screen: admin/product/product
2021-11-12 07:59:17,452 DEBUG com.tuyennguyen.controller.ProductController [http-nio-8080-exec-7] Go to the add screen: admin/product/product
2021-11-12 08:00:05,238 DEBUG com.tuyennguyen.controller.ProductController [http-nio-8080-exec-4] Go to the add screen: admin/product/product
2021-11-12 08:00:06,136 DEBUG com.tuyennguyen.controller.ProductController [http-nio-8080-exec-3] Go to the add screen: admin/product/product
2021-11-12 08:00:07,214 DEBUG com.tuyennguyen.controller.ProductController [http-nio-8080-exec-4] Go to the add screen: admin/product/product
2021-11-12 08:01:09,889 DEBUG com.tuyennguyen.controller.ProductController [http-nio-8080-exec-1] Go to the add screen: admin/product/product
2021-11-12 08:01:10,905 DEBUG com.tuyennguyen.controller.ProductController [http-nio-8080-exec-8] Go to the add screen: admin/product/product
2021-11-12 08:02:14,100 DEBUG com.tuyennguyen.controller.ProductController [http-nio-8080-exec-2] Go to the add screen: admin/product/product
2021-11-12 08:02:15,152 DEBUG com.tuyennguyen.controller.ProductController [http-nio-8080-exec-5] Go to the add screen: admin/product/product
2021-11-12 08:02:16,044 DEBUG com.tuyennguyen.controller.ProductController [http-nio-8080-exec-1] Go to the add screen: admin/product/product
2021-11-12 08:02:38,293 DEBUG com.tuyennguyen.controller.ProductController [http-nio-8080-exec-4] Go to the add screen: admin/product/product
2021-11-12 08:02:39,558 DEBUG com.tuyennguyen.controller.ProductController [http-nio-8080-exec-1] Go to the add screen: admin/product/product
2021-11-12 08:02:40,254 DEBUG com.tuyennguyen.controller.ProductController [http-nio-8080-exec-10] Go to the add screen: admin/product/product
