2021-10-19 17:18:30,693 INFO com.tuyennguyen.SpringWebBanHangApplication [main] ----
2021-10-19 17:18:30,697 INFO com.tuyennguyen.SpringWebBanHangApplication [main] SpringApplication Started
2021-10-19 17:18:31,053 INFO com.tuyennguyen.SpringWebBanHangApplication [restartedMain] ----
2021-10-19 17:18:31,055 INFO com.tuyennguyen.SpringWebBanHangApplication [restartedMain] SpringApplication Started
2021-10-19 17:18:31,875 INFO com.tuyennguyen.SpringWebBanHangApplication [restartedMain] Starting SpringWebBanHangApplication using Java 11.0.12 on Admin with PID 2692 (D:\Hoc Lap Trinh\Spring\SpringWebBanHang\target\classes started by HP in D:\Hoc Lap Trinh\Spring\SpringWebBanHang)
2021-10-19 17:18:31,876 DEBUG com.tuyennguyen.SpringWebBanHangApplication [restartedMain] Running with Spring Boot v2.5.5, Spring v5.3.10
2021-10-19 17:18:31,876 INFO com.tuyennguyen.SpringWebBanHangApplication [restartedMain] No active profile set, falling back to default profiles: default
2021-10-19 17:18:35,850 ERROR org.springframework.orm.jpa.LocalContainerEntityManagerFactoryBean [restartedMain] Failed to initialize JPA EntityManagerFactory: [PersistenceUnit: default] Unable to build Hibernate SessionFactory; nested exception is org.hibernate.MappingException: Repeated column in mapping for entity: com.tuyennguyen.entity.Product column: id (should be mapped with insert="false" update="false")
2021-10-19 17:18:35,934 ERROR org.springframework.boot.SpringApplication [restartedMain] Application run failed
org.springframework.beans.factory.BeanCreationException: Error creating bean with name 'entityManagerFactory' defined in class path resource [org/springframework/boot/autoconfigure/orm/jpa/HibernateJpaConfiguration.class]: Invocation of init method failed; nested exception is javax.persistence.PersistenceException: [PersistenceUnit: default] Unable to build Hibernate SessionFactory; nested exception is org.hibernate.MappingException: Repeated column in mapping for entity: com.tuyennguyen.entity.Product column: id (should be mapped with insert="false" update="false")
	at org.springframework.beans.factory.support.AbstractAutowireCapableBeanFactory.initializeBean(AbstractAutowireCapableBeanFactory.java:1804)
	at org.springframework.beans.factory.support.AbstractAutowireCapableBeanFactory.doCreateBean(AbstractAutowireCapableBeanFactory.java:620)
	at org.springframework.beans.factory.support.AbstractAutowireCapableBeanFactory.createBean(AbstractAutowireCapableBeanFactory.java:542)
	at org.springframework.beans.factory.support.AbstractBeanFactory.lambda$doGetBean$0(AbstractBeanFactory.java:335)
	at org.springframework.beans.factory.support.DefaultSingletonBeanRegistry.getSingleton(DefaultSingletonBeanRegistry.java:234)
	at org.springframework.beans.factory.support.AbstractBeanFactory.doGetBean(AbstractBeanFactory.java:333)
	at org.springframework.beans.factory.support.AbstractBeanFactory.getBean(AbstractBeanFactory.java:208)
	at org.springframework.context.support.AbstractApplicationContext.getBean(AbstractApplicationContext.java:1154)
	at org.springframework.context.support.AbstractApplicationContext.finishBeanFactoryInitialization(AbstractApplicationContext.java:908)
	at org.springframework.context.support.AbstractApplicationContext.refresh(AbstractApplicationContext.java:583)
	at org.springframework.boot.web.servlet.context.ServletWebServerApplicationContext.refresh(ServletWebServerApplicationContext.java:145)
	at org.springframework.boot.SpringApplication.refresh(SpringApplication.java:754)
	at org.springframework.boot.SpringApplication.refreshContext(SpringApplication.java:434)
	at org.springframework.boot.SpringApplication.run(SpringApplication.java:338)
	at org.springframework.boot.SpringApplication.run(SpringApplication.java:1343)
	at org.springframework.boot.SpringApplication.run(SpringApplication.java:1332)
	at com.tuyennguyen.SpringWebBanHangApplication.main(SpringWebBanHangApplication.java:15)
	at java.base/jdk.internal.reflect.NativeMethodAccessorImpl.invoke0(Native Method)
	at java.base/jdk.internal.reflect.NativeMethodAccessorImpl.invoke(NativeMethodAccessorImpl.java:62)
	at java.base/jdk.internal.reflect.DelegatingMethodAccessorImpl.invoke(DelegatingMethodAccessorImpl.java:43)
	at java.base/java.lang.reflect.Method.invoke(Method.java:566)
	at org.springframework.boot.devtools.restart.RestartLauncher.run(RestartLauncher.java:49)
Caused by: javax.persistence.PersistenceException: [PersistenceUnit: default] Unable to build Hibernate SessionFactory; nested exception is org.hibernate.MappingException: Repeated column in mapping for entity: com.tuyennguyen.entity.Product column: id (should be mapped with insert="false" update="false")
	at org.springframework.orm.jpa.AbstractEntityManagerFactoryBean.buildNativeEntityManagerFactory(AbstractEntityManagerFactoryBean.java:421)
	at org.springframework.orm.jpa.AbstractEntityManagerFactoryBean.afterPropertiesSet(AbstractEntityManagerFactoryBean.java:396)
	at org.springframework.orm.jpa.LocalContainerEntityManagerFactoryBean.afterPropertiesSet(LocalContainerEntityManagerFactoryBean.java:341)
	at org.springframework.beans.factory.support.AbstractAutowireCapableBeanFactory.invokeInitMethods(AbstractAutowireCapableBeanFactory.java:1863)
	at org.springframework.beans.factory.support.AbstractAutowireCapableBeanFactory.initializeBean(AbstractAutowireCapableBeanFactory.java:1800)
	... 21 common frames omitted
Caused by: org.hibernate.MappingException: Repeated column in mapping for entity: com.tuyennguyen.entity.Product column: id (should be mapped with insert="false" update="false")
	at org.hibernate.mapping.PersistentClass.checkColumnDuplication(PersistentClass.java:862)
	at org.hibernate.mapping.PersistentClass.checkPropertyColumnDuplication(PersistentClass.java:880)
	at org.hibernate.mapping.PersistentClass.checkColumnDuplication(PersistentClass.java:902)
	at org.hibernate.mapping.PersistentClass.validate(PersistentClass.java:634)
	at org.hibernate.mapping.RootClass.validate(RootClass.java:267)
	at org.hibernate.boot.internal.MetadataImpl.validate(MetadataImpl.java:354)
	at org.hibernate.internal.SessionFactoryImpl.<init>(SessionFactoryImpl.java:298)
	at org.hibernate.boot.internal.SessionFactoryBuilderImpl.build(SessionFactoryBuilderImpl.java:468)
	at org.hibernate.jpa.boot.internal.EntityManagerFactoryBuilderImpl.build(EntityManagerFactoryBuilderImpl.java:1259)
	at org.springframework.orm.jpa.vendor.SpringHibernateJpaPersistenceProvider.createContainerEntityManagerFactory(SpringHibernateJpaPersistenceProvider.java:58)
	at org.springframework.orm.jpa.LocalContainerEntityManagerFactoryBean.createNativeEntityManagerFactory(LocalContainerEntityManagerFactoryBean.java:365)
	at org.springframework.orm.jpa.AbstractEntityManagerFactoryBean.buildNativeEntityManagerFactory(AbstractEntityManagerFactoryBean.java:409)
	... 25 common frames omitted
2021-10-19 17:19:59,171 INFO com.tuyennguyen.SpringWebBanHangApplication [main] ----
2021-10-19 17:19:59,174 INFO com.tuyennguyen.SpringWebBanHangApplication [main] SpringApplication Started
2021-10-19 17:19:59,566 INFO com.tuyennguyen.SpringWebBanHangApplication [restartedMain] ----
2021-10-19 17:19:59,568 INFO com.tuyennguyen.SpringWebBanHangApplication [restartedMain] SpringApplication Started
2021-10-19 17:20:00,311 INFO com.tuyennguyen.SpringWebBanHangApplication [restartedMain] Starting SpringWebBanHangApplication using Java 11.0.12 on Admin with PID 15844 (D:\Hoc Lap Trinh\Spring\SpringWebBanHang\target\classes started by HP in D:\Hoc Lap Trinh\Spring\SpringWebBanHang)
2021-10-19 17:20:00,311 DEBUG com.tuyennguyen.SpringWebBanHangApplication [restartedMain] Running with Spring Boot v2.5.5, Spring v5.3.10
2021-10-19 17:20:00,311 INFO com.tuyennguyen.SpringWebBanHangApplication [restartedMain] No active profile set, falling back to default profiles: default
2021-10-19 17:20:07,198 INFO com.tuyennguyen.SpringWebBanHangApplication [restartedMain] Started SpringWebBanHangApplication in 7.613 seconds (JVM running for 10.369)
2021-10-19 17:20:24,855 DEBUG com.tuyennguyen.controller.MenuDongController [http-nio-8080-exec-1] Go to /admin/menu-dong
2021-10-19 17:20:28,060 DEBUG com.tuyennguyen.controller.ProductController [http-nio-8080-exec-6] Go to /admin/product
