2021-11-07 21:58:43,707 INFO com.tuyennguyen.SpringWebBanHangApplication [main] ----
2021-11-07 21:58:43,723 INFO com.tuyennguyen.SpringWebBanHangApplication [main] SpringApplication Started
2021-11-07 21:58:43,888 INFO com.tuyennguyen.SpringWebBanHangApplication [restartedMain] ----
2021-11-07 21:58:43,888 INFO com.tuyennguyen.SpringWebBanHangApplication [restartedMain] SpringApplication Started
2021-11-07 21:58:44,223 INFO com.tuyennguyen.SpringWebBanHangApplication [restartedMain] Starting SpringWebBanHangApplication using Java 11.0.12 on Admin with PID 5344 (D:\Hoc Lap Trinh\Spring\SpringWebBanHang\target\classes started by HP in D:\Hoc Lap Trinh\Spring\SpringWebBanHang)
2021-11-07 21:58:44,223 DEBUG com.tuyennguyen.SpringWebBanHangApplication [restartedMain] Running with Spring Boot v2.5.5, Spring v5.3.10
2021-11-07 21:58:44,223 INFO com.tuyennguyen.SpringWebBanHangApplication [restartedMain] No active profile set, falling back to default profiles: default
2021-11-07 21:58:47,324 INFO com.tuyennguyen.SpringWebBanHangApplication [restartedMain] Started SpringWebBanHangApplication in 3.428 seconds (JVM running for 5.205)
2021-11-07 21:59:13,910 DEBUG com.tuyennguyen.controller.ProductController [http-nio-8080-exec-10] Go to admin/product/product
2021-11-07 21:59:17,025 DEBUG com.tuyennguyen.controller.ProductController [http-nio-8080-exec-3] Go to the add screen: admin/product/product
2021-11-07 21:59:18,760 DEBUG com.tuyennguyen.controller.ProductController [http-nio-8080-exec-3] Go to admin/product/product
2021-11-07 21:59:21,566 DEBUG com.tuyennguyen.controller.UserController [http-nio-8080-exec-1] Go to admin/user/user
2021-11-07 21:59:26,120 DEBUG com.tuyennguyen.controller.UserController [http-nio-8080-exec-4] Go to admin/user/user
2021-11-07 21:59:39,017 DEBUG com.tuyennguyen.controller.ProductController [http-nio-8080-exec-3] Go to admin/product/product
2021-11-07 21:59:48,548 DEBUG com.tuyennguyen.controller.UserController [http-nio-8080-exec-7] Go to admin/user/user
2021-11-07 21:59:49,590 DEBUG com.tuyennguyen.controller.ProductController [http-nio-8080-exec-3] Go to admin/product/product
2021-11-07 22:01:11,505 DEBUG com.tuyennguyen.controller.ProductController [http-nio-8080-exec-2] Go to admin/product/product
2021-11-07 22:01:12,418 DEBUG com.tuyennguyen.controller.ProductController [http-nio-8080-exec-1] Go to admin/product/product
2021-11-07 22:03:59,021 DEBUG com.tuyennguyen.controller.ProductController [http-nio-8080-exec-3] Go to admin/product/product
2021-11-07 22:03:59,991 DEBUG com.tuyennguyen.controller.ProductController [http-nio-8080-exec-4] Go to admin/product/product
2021-11-07 22:04:27,666 DEBUG com.tuyennguyen.controller.ProductController [http-nio-8080-exec-7] Go to admin/product/product
2021-11-07 22:04:28,618 DEBUG com.tuyennguyen.controller.ProductController [http-nio-8080-exec-6] Go to admin/product/product
2021-11-07 22:05:09,485 DEBUG com.tuyennguyen.controller.MenuDongController [http-nio-8080-exec-4] Go to admin/menu-dong/menu-dong
2021-11-07 22:05:12,334 DEBUG com.tuyennguyen.controller.MenuDongController [http-nio-8080-exec-7] Go to admin/menu-dong/menu-dong
2021-11-07 22:05:47,519 DEBUG com.tuyennguyen.controller.UserController [http-nio-8080-exec-2] Go to admin/user/user
2021-11-07 22:05:48,941 DEBUG com.tuyennguyen.controller.UserController [http-nio-8080-exec-9] Go to admin/user/user
2021-11-07 22:05:49,603 DEBUG com.tuyennguyen.controller.UserController [http-nio-8080-exec-4] Go to admin/user/user
